[2018-03-09 11:46:46] request.INFO: Matched route "api_translation_domains_tree". {"route_parameters":{"_controller":"prestashop.core.api.translation.controller:listTreeAction","selected":null,"lang":"tw","type":"back","_route":"api_translation_domains_tree"},"request_uri":"http://59.125.15.165/adminvivi/index.php/api/translation/tree/tw/back?_token=TFKrLjbHN0VoMBspc3V7ngNOodpIfJI5d-3n6a3cDNc"} []
[2018-03-09 11:46:46] security.DEBUG: Read existing security token from the session. {"key":"_security_main"} []
[2018-03-09 11:46:46] security.DEBUG: User was reloaded from a user provider. {"username":"1545850948@qq.com","provider":"PrestaShopBundle\\Security\\Admin\\EmployeeProvider"} []
[2018-03-09 11:46:46] request.CRITICAL: Uncaught PHP Exception Symfony\Component\Debug\Exception\FatalErrorException: "Error: Cannot access private property Symfony\Component\Finder\Finder::$dirs" at /var/www/prestashop/src/PrestaShopBundle/Translation/Provider/TranslationFinderTrait.php line 51 {"exception":"[object] (Symfony\\Component\\Debug\\Exception\\FatalErrorException(code: 0): Error: Cannot access private property Symfony\\Component\\Finder\\Finder::$dirs at /var/www/prestashop/src/PrestaShopBundle/Translation/Provider/TranslationFinderTrait.php:51)"} []
[2018-03-09 11:46:46] security.DEBUG: Stored the security token in the session. {"key":"_security_main"} []
[2018-03-09 12:02:40] request.INFO: Matched route "api_translation_value_reset". {"route_parameters":{"_controller":"prestashop.core.api.translation.controller:translationResetAction","_route":"api_translation_value_reset"},"request_uri":"http://59.125.15.165/adminvivi/index.php/api/translation/reset?_token=TFKrLjbHN0VoMBspc3V7ngNOodpIfJI5d-3n6a3cDNc"} []
[2018-03-09 12:02:40] security.DEBUG: Read existing security token from the session. {"key":"_security_main"} []
[2018-03-09 12:02:40] security.DEBUG: User was reloaded from a user provider. {"username":"1545850948@qq.com","provider":"PrestaShopBundle\\Security\\Admin\\EmployeeProvider"} []
[2018-03-09 12:02:40] app.ERROR: EntityManager#remove() expects parameter 1 to be an entity object, NULL given. [] []
[2018-03-09 12:02:41] security.DEBUG: Stored the security token in the session. {"key":"_security_main"} []
[2018-03-09 12:11:21] request.INFO: Matched route "admin_module_catalog". {"route_parameters":{"_controller":"PrestaShopBundle\\Controller\\Admin\\ModuleController::catalogAction","_legacy_controller":"AdminModules","_route":"admin_module_catalog"},"request_uri":"http://59.125.15.165/adminvivi/index.php/module/catalog?_token=TFKrLjbHN0VoMBspc3V7ngNOodpIfJI5d-3n6a3cDNc"} []
[2018-03-09 12:11:21] security.DEBUG: Read existing security token from the session. {"key":"_security_main"} []
[2018-03-09 12:11:21] security.DEBUG: User was reloaded from a user provider. {"username":"1545850948@qq.com","provider":"PrestaShopBundle\\Security\\Admin\\EmployeeProvider"} []
[2018-03-09 12:11:27] app.ERROR: Data from PrestaShop Addons is invalid, and cannot fallback on cache.  {"exception":"cURL error 28: See http://curl.haxx.se/libcurl/c/libcurl-errors.html"} []
[2018-03-09 12:11:31] security.DEBUG: Stored the security token in the session. {"key":"_security_main"} []
[2018-03-09 12:11:24] request.INFO: Matched route "admin_module_catalog". {"route_parameters":{"_controller":"PrestaShopBundle\\Controller\\Admin\\ModuleController::catalogAction","_legacy_controller":"AdminModules","_route":"admin_module_catalog"},"request_uri":"http://59.125.15.165/adminvivi/index.php/module/catalog?_token=TFKrLjbHN0VoMBspc3V7ngNOodpIfJI5d-3n6a3cDNc"} []
[2018-03-09 12:11:31] security.DEBUG: Read existing security token from the session. {"key":"_security_main"} []
[2018-03-09 12:11:31] security.DEBUG: User was reloaded from a user provider. {"username":"1545850948@qq.com","provider":"PrestaShopBundle\\Security\\Admin\\EmployeeProvider"} []
[2018-03-09 12:11:37] app.ERROR: Data from PrestaShop Addons is invalid, and cannot fallback on cache.  {"exception":"cURL error 28: See http://curl.haxx.se/libcurl/c/libcurl-errors.html"} []
[2018-03-09 12:11:37] security.DEBUG: Stored the security token in the session. {"key":"_security_main"} []
[2018-03-11 13:21:46] request.INFO: Matched route "admin_module_catalog". {"route_parameters":{"_controller":"PrestaShopBundle\\Controller\\Admin\\ModuleController::catalogAction","_legacy_controller":"AdminModules","_route":"admin_module_catalog"},"request_uri":"http://59.125.15.165/adminvivi/index.php/module/catalog?_token=Bn18tJ0LTPW7qB99MgLf_gyJuwdLEuv7MLlFxfbGsGc"} []
[2018-03-11 13:21:46] security.DEBUG: Read existing security token from the session. {"key":"_security_main"} []
[2018-03-11 13:21:46] security.DEBUG: User was reloaded from a user provider. {"username":"1545850948@qq.com","provider":"PrestaShopBundle\\Security\\Admin\\EmployeeProvider"} []
[2018-03-11 13:21:51] app.ERROR: Data from PrestaShop Addons is invalid, and cannot fallback on cache.  {"exception":"cURL error 28: See http://curl.haxx.se/libcurl/c/libcurl-errors.html"} []
[2018-03-11 13:21:52] security.DEBUG: Stored the security token in the session. {"key":"_security_main"} []
[2018-03-11 13:41:17] request.INFO: Matched route "admin_module_catalog". {"route_parameters":{"_controller":"PrestaShopBundle\\Controller\\Admin\\ModuleController::catalogAction","_legacy_controller":"AdminModules","_route":"admin_module_catalog"},"request_uri":"http://59.125.15.165/adminvivi/index.php/module/catalog?_token=_7tZmsPITtumFKaDiG6wYmsMcgjSdiAMtUWbLpSEPE4"} []
[2018-03-11 13:41:17] security.INFO: Populated the TokenStorage with an anonymous Token. [] []
[2018-03-11 13:41:23] app.ERROR: Data from PrestaShop Addons is invalid, and cannot fallback on cache.  {"exception":"cURL error 28: See http://curl.haxx.se/libcurl/c/libcurl-errors.html"} []
[2018-03-11 13:41:23] security.DEBUG: Stored the security token in the session. {"key":"_security_main"} []
[2018-03-11 13:41:19] request.INFO: Matched route "admin_module_catalog". {"route_parameters":{"_controller":"PrestaShopBundle\\Controller\\Admin\\ModuleController::catalogAction","_legacy_controller":"AdminModules","_route":"admin_module_catalog"},"request_uri":"http://59.125.15.165/adminvivi/index.php/module/catalog?_token=_7tZmsPITtumFKaDiG6wYmsMcgjSdiAMtUWbLpSEPE4"} []
[2018-03-11 13:41:23] security.DEBUG: Read existing security token from the session. {"key":"_security_main"} []
[2018-03-11 13:41:23] security.DEBUG: User was reloaded from a user provider. {"username":"1545850948@qq.com","provider":"PrestaShopBundle\\Security\\Admin\\EmployeeProvider"} []
[2018-03-11 13:41:36] app.ERROR: Data from PrestaShop Addons is invalid, and cannot fallback on cache.  {"exception":"cURL error 28: See http://curl.haxx.se/libcurl/c/libcurl-errors.html"} []
[2018-03-11 13:41:37] security.DEBUG: Stored the security token in the session. {"key":"_security_main"} []
[2018-03-11 13:42:34] request.INFO: Matched route "admin_module_catalog". {"route_parameters":{"_controller":"PrestaShopBundle\\Controller\\Admin\\ModuleController::catalogAction","_legacy_controller":"AdminModules","_route":"admin_module_catalog"},"request_uri":"http://59.125.15.165/adminvivi/index.php/module/catalog?_token=_7tZmsPITtumFKaDiG6wYmsMcgjSdiAMtUWbLpSEPE4"} []
[2018-03-11 13:42:34] security.DEBUG: Read existing security token from the session. {"key":"_security_main"} []
[2018-03-11 13:42:34] security.DEBUG: User was reloaded from a user provider. {"username":"1545850948@qq.com","provider":"PrestaShopBundle\\Security\\Admin\\EmployeeProvider"} []
[2018-03-11 13:42:39] app.ERROR: Data from PrestaShop Addons is invalid, and cannot fallback on cache.  {"exception":"cURL error 28: See http://curl.haxx.se/libcurl/c/libcurl-errors.html"} []
[2018-03-11 13:42:40] security.DEBUG: Stored the security token in the session. {"key":"_security_main"} []
[2018-03-12 11:13:22] request.INFO: Matched route "api_translation_value_reset". {"route_parameters":{"_controller":"prestashop.core.api.translation.controller:translationResetAction","_route":"api_translation_value_reset"},"request_uri":"http://59.125.15.165/adminvivi/index.php/api/translation/reset?_token=kQa9vzHkaujZjlUbnaYc0gCaOFhtfXf2xku5lnlXgVc"} []
[2018-03-12 11:13:22] security.DEBUG: Read existing security token from the session. {"key":"_security_main"} []
[2018-03-12 11:13:22] security.DEBUG: User was reloaded from a user provider. {"username":"1545850948@qq.com","provider":"PrestaShopBundle\\Security\\Admin\\EmployeeProvider"} []
[2018-03-12 11:13:22] app.ERROR: EntityManager#remove() expects parameter 1 to be an entity object, NULL given. [] []
[2018-03-12 11:13:22] security.DEBUG: Stored the security token in the session. {"key":"_security_main"} []
[2018-03-12 13:13:21] app.ERROR: Data from PrestaShop Addons is invalid, and cannot fallback on cache.  {"exception":"cURL error 28: See http://curl.haxx.se/libcurl/c/libcurl-errors.html"} []
[2018-03-16 09:47:49] request.INFO: Matched route "admin_module_catalog". {"route_parameters":{"_controller":"PrestaShopBundle\\Controller\\Admin\\ModuleController::catalogAction","_legacy_controller":"AdminModules","_route":"admin_module_catalog"},"request_uri":"http://59.125.15.165/adminvivi/index.php/module/catalog?_token=69Q0PUfLi2x4Ja9qSR3KNY5UYrxQZiOXx3uLyRm5y3w"} []
[2018-03-16 09:47:49] security.INFO: Populated the TokenStorage with an anonymous Token. [] []
[2018-03-16 09:47:59] app.ERROR: Data from PrestaShop Addons is invalid, and cannot fallback on cache.  {"exception":"cURL error 28: See http://curl.haxx.se/libcurl/c/libcurl-errors.html"} []
[2018-03-16 09:48:04] security.DEBUG: Stored the security token in the session. {"key":"_security_main"} []
[2018-06-15 12:46:52] request.INFO: Matched route "admin_module_catalog". {"route_parameters":{"_controller":"PrestaShopBundle\\Controller\\Admin\\ModuleController::catalogAction","_legacy_controller":"AdminModules","_route":"admin_module_catalog"},"request_uri":"http://59.125.15.165/adminvivi/index.php/module/catalog?_token=80DIr3T1f4ZaU01zG_dqM1Ic8gARbwK2SEDG9ncrBmk"} []
[2018-06-15 12:47:05] security.INFO: Populated the TokenStorage with an anonymous Token. [] []
[2018-06-15 12:47:13] app.ERROR: Data from PrestaShop Addons is invalid, and cannot fallback on cache.  {"exception":"cURL error 28: See http://curl.haxx.se/libcurl/c/libcurl-errors.html"} []
[2018-06-15 12:47:18] security.DEBUG: Stored the security token in the session. {"key":"_security_main"} []
[2018-06-15 12:47:45] app.ERROR: Data from PrestaShop Addons is invalid, and cannot fallback on cache.  {"exception":"cURL error 28: See http://curl.haxx.se/libcurl/c/libcurl-errors.html"} []
[2018-06-15 13:20:54] request.INFO: Matched route "admin_module_catalog". {"route_parameters":{"_controller":"PrestaShopBundle\\Controller\\Admin\\ModuleController::catalogAction","_legacy_controller":"AdminModules","_route":"admin_module_catalog"},"request_uri":"http://www.vivimall.com.tw/adminvivi/index.php/module/catalog?_token=MwnbvK2OkVEGOP0lJhevwR29AvMT1Y64cRhAFUI5Pro"} []
[2018-06-15 13:20:54] security.INFO: Populated the TokenStorage with an anonymous Token. [] []
[2018-06-15 13:21:00] app.ERROR: Data from PrestaShop Addons is invalid, and cannot fallback on cache.  {"exception":"cURL error 28: See http://curl.haxx.se/libcurl/c/libcurl-errors.html"} []
[2018-06-15 13:21:05] security.DEBUG: Stored the security token in the session. {"key":"_security_main"} []
[2018-06-15 13:21:06] request.INFO: Matched route "admin_module_catalog_refresh". {"route_parameters":{"category":null,"keyword":null,"_controller":"PrestaShopBundle\\Controller\\Admin\\ModuleController::refreshCatalogAction","_legacy_controller":"AdminModules","_route":"admin_module_catalog_refresh"},"request_uri":"http://www.vivimall.com.tw/adminvivi/index.php/module/catalog/refresh?_token=MwnbvK2OkVEGOP0lJhevwR29AvMT1Y64cRhAFUI5Pro"} []
[2018-06-15 13:21:06] security.DEBUG: Read existing security token from the session. {"key":"_security_main"} []
[2018-06-15 13:21:06] security.DEBUG: User was reloaded from a user provider. {"username":"1545850948@qq.com","provider":"PrestaShopBundle\\Security\\Admin\\EmployeeProvider"} []
[2018-06-15 13:21:16] app.ERROR: Data from PrestaShop Addons is invalid, and cannot fallback on cache.  {"exception":"cURL error 28: See http://curl.haxx.se/libcurl/c/libcurl-errors.html"} []
[2018-06-15 13:21:18] security.DEBUG: Stored the security token in the session. {"key":"_security_main"} []
[2018-06-15 13:21:17] request.INFO: Matched route "admin_module_manage". {"route_parameters":{"category":null,"keyword":null,"_controller":"PrestaShopBundle\\Controller\\Admin\\ModuleController::manageAction","_legacy_controller":"AdminModules","_route":"admin_module_manage"},"request_uri":"http://www.vivimall.com.tw/adminvivi/index.php/module/manage?_token=MwnbvK2OkVEGOP0lJhevwR29AvMT1Y64cRhAFUI5Pro"} []
[2018-06-15 13:21:18] security.DEBUG: Read existing security token from the session. {"key":"_security_main"} []
[2018-06-15 13:21:18] security.DEBUG: User was reloaded from a user provider. {"username":"1545850948@qq.com","provider":"PrestaShopBundle\\Security\\Admin\\EmployeeProvider"} []
[2018-06-15 13:21:23] app.ERROR: Data from PrestaShop Addons is invalid, and cannot fallback on cache.  {"exception":"cURL error 28: See http://curl.haxx.se/libcurl/c/libcurl-errors.html"} []
[2018-06-15 13:21:25] security.DEBUG: Stored the security token in the session. {"key":"_security_main"} []
[2018-06-29 22:31:34] request.INFO: Matched route "admin_module_catalog_post". {"route_parameters":{"_controller":"PrestaShopBundle\\Controller\\Admin\\ModuleController::getPreferredModulesAction","_legacy_controller":"AdminModules","_route":"admin_module_catalog_post"},"request_uri":"http://www.vivimall.com.tw/adminvivi/index.php/module/catalog/recommended?_token=H1lQeuaALzf_lfAkwZduMvCLX2jTm7t48mbxz0WUb4U&action=getTabModulesList&admin_list_from_source=back-office%2CAdminCategories%2Cedit&ajax=1&back_tab_modules_list=http%3A%2F%2Fwww.vivimall.com.tw%2Fadminvivi%2Findex.php%3Fcontroller%3DAdminCategories%26id_category%3D10%26updatecategory%26token%3D89ee52ab31056f88552226c3ae9bcc9c&controller=AdminModules&route=admin_module_catalog_post&tab_modules_list=innovativemenu%2Cproductsbycategoryslider%2Cslidercategory%2Capiway"} []
[2018-06-29 22:31:34] security.DEBUG: Read existing security token from the session. {"key":"_security_main"} []
[2018-06-29 22:31:34] security.DEBUG: User was reloaded from a user provider. {"username":"1545850948@qq.com","provider":"PrestaShopBundle\\Security\\Admin\\EmployeeProvider"} []
[2018-06-29 22:31:40] app.ERROR: Data from PrestaShop Addons is invalid, and cannot fallback on cache.  {"exception":"cURL error 28: See http://curl.haxx.se/libcurl/c/libcurl-errors.html"} []
[2018-06-29 22:31:45] security.DEBUG: Stored the security token in the session. {"key":"_security_main"} []
[2018-06-30 22:40:20] request.INFO: Matched route "admin_module_catalog". {"route_parameters":{"_controller":"PrestaShopBundle\\Controller\\Admin\\ModuleController::catalogAction","_legacy_controller":"AdminModules","_route":"admin_module_catalog"},"request_uri":"http://www.vivimall.com.tw/adminvivi/index.php/module/catalog?_token=FGbTMmEiQsIspTm1_OPuk6ZOsNVtqJU-G2VTONhqzO8"} []
[2018-06-30 22:40:20] security.DEBUG: Read existing security token from the session. {"key":"_security_main"} []
[2018-06-30 22:40:20] security.DEBUG: User was reloaded from a user provider. {"username":"1545850948@qq.com","provider":"PrestaShopBundle\\Security\\Admin\\EmployeeProvider"} []
[2018-06-30 22:40:25] app.ERROR: Data from PrestaShop Addons is invalid, and cannot fallback on cache.  {"exception":"cURL error 28: See http://curl.haxx.se/libcurl/c/libcurl-errors.html"} []
[2018-06-30 22:40:26] security.DEBUG: Stored the security token in the session. {"key":"_security_main"} []
[2018-06-30 22:40:25] request.INFO: Matched route "admin_module_catalog". {"route_parameters":{"_controller":"PrestaShopBundle\\Controller\\Admin\\ModuleController::catalogAction","_legacy_controller":"AdminModules","_route":"admin_module_catalog"},"request_uri":"http://www.vivimall.com.tw/adminvivi/index.php/module/catalog?_token=FGbTMmEiQsIspTm1_OPuk6ZOsNVtqJU-G2VTONhqzO8"} []
[2018-06-30 22:40:26] security.DEBUG: Read existing security token from the session. {"key":"_security_main"} []
[2018-06-30 22:40:26] security.DEBUG: User was reloaded from a user provider. {"username":"1545850948@qq.com","provider":"PrestaShopBundle\\Security\\Admin\\EmployeeProvider"} []
[2018-06-30 22:40:33] app.ERROR: Data from PrestaShop Addons is invalid, and cannot fallback on cache.  {"exception":"cURL error 28: See http://curl.haxx.se/libcurl/c/libcurl-errors.html"} []
[2018-06-30 22:40:34] security.DEBUG: Stored the security token in the session. {"key":"_security_main"} []
[2018-06-30 22:48:24] request.INFO: Matched route "admin_module_catalog". {"route_parameters":{"_controller":"PrestaShopBundle\\Controller\\Admin\\ModuleController::catalogAction","_legacy_controller":"AdminModules","_route":"admin_module_catalog"},"request_uri":"http://www.vivimall.com.tw/adminvivi/index.php/module/catalog?_token=FGbTMmEiQsIspTm1_OPuk6ZOsNVtqJU-G2VTONhqzO8"} []
[2018-06-30 22:48:24] security.DEBUG: Read existing security token from the session. {"key":"_security_main"} []
[2018-06-30 22:48:24] security.DEBUG: User was reloaded from a user provider. {"username":"1545850948@qq.com","provider":"PrestaShopBundle\\Security\\Admin\\EmployeeProvider"} []
[2018-06-30 22:48:37] app.ERROR: Data from PrestaShop Addons is invalid, and cannot fallback on cache.  {"exception":"cURL error 28: See http://curl.haxx.se/libcurl/c/libcurl-errors.html"} []
[2018-06-30 22:48:58] security.DEBUG: Stored the security token in the session. {"key":"_security_main"} []
